22:26:36 **** Incremental Build of configuration Debug for project first ****
"C:\\Users\\pranj\\ModusToolbox\\tools_3.1\\modus-shell\\bin\\make" CY_MAKE_IDE=eclipse CY_IDE_TOOLS_DIR=C:/Users/pranj/ModusToolbox/tools_3.1 CY_IDE_BT_TOOLS_DIR= --output-sync -j16 all 
Tools Directory: C:/Users/pranj/ModusToolbox/tools_3.1
Removing .mtbqueryapi file...
Searching installed tools in progress...
Searching installed tools complete


Initializing build: mtb-example-psoc6-emwin-eink-freertos Debug APP_CY8CPROTO-062-4343W GCC_ARM

Prebuild operations complete

Auto-discovery in progress...
Auto-discovery complete
Commencing build operations...

Tools Directory: C:/Users/pranj/ModusToolbox/tools_3.1

Constructing build rules...
Build rules construction complete

==============================================================================
= Building application =
==============================================================================
Generating compilation database file...
-> ./build/compile_commands.json
Compilation database file generation complete
Building 229 file(s)
==============================================================================
= Build complete =
==============================================================================

Calculating memory consumption: CY8C624ABZI-S2D44 GCC_ARM

   ---------------------------------------------------- 
  | Section Name         |  Address      |  Size       | 
   ---------------------------------------------------- 
  | .cy_m0p_image        |  0x10000000   |  6312       | 
  | .text                |  0x10002000   |  53380      | 
  | .ARM.exidx           |  0x1000f084   |  8          | 
  | .copy.table          |  0x1000f08c   |  24         | 
  | .zero.table          |  0x1000f0a4   |  8          | 
  | .data                |  0x080022e0   |  1624       | 
  | .cy_sharedmem        |  0x08002938   |  8          | 
  | .noinit              |  0x08002940   |  228        | 
  | .bss                 |  0x08002a24   |  4552       | 
  | .heap                |  0x08003bf0   |  1027088    | 
   ---------------------------------------------------- 

  Total Internal Flash (Available)          2097152    
  Total Internal Flash (Utilized)           63252      



22:26:48 Build Finished. 0 errors, 0 warnings. (took 11s.797ms)

